# JRE version: Java(TM) SE Runtime Environment (17.0.2+8) (build 17.0.2+8-LTS-86)
# Java VM: Java HotSpot(TM) 64-Bit Server VM (17.0.2+8-LTS-86, mixed mode, sharing, tiered, compressed oops, compressed class ptrs, g1 gc, windows-amd64)
GC Precious Log:
 CPUs: 4 total, 4 available
 Memory: 14267M
 Large Page Support: Disabled
 NUMA Support: Disabled
 Compressed Oops: Enabled (Zero based)
 Heap Region Size: 2M
 Heap Min Capacity: 8M
 Heap Initial Capacity: 224M
 Heap Max Capacity: 3568M
 Pre-touch: Disabled
 Parallel Workers: 4
 Concurrent Workers: 1
 Concurrent Refinement Workers: 4
 Periodic GC: Disabled
Heap:
 garbage-first heap   total 61440K, used 30667K [0x0000000721000000, 0x0000000800000000)
  region size 2048K, 8 young (16384K), 2 survivors (4096K)
 Metaspace       used 32521K, committed 32832K, reserved 1081344K
  class space    used 4242K, committed 4416K, reserved 1048576K
GC Heap History (12 events):
Event: 0.589 GC heap before
{Heap before GC invocations=0 (full 0):
 garbage-first heap   total 229376K, used 10240K [0x0000000721000000, 0x0000000800000000)
  region size 2048K, 6 young (12288K), 0 survivors (0K)
 Metaspace       used 3780K, committed 3968K, reserved 1056768K
  class space    used 357K, committed 448K, reserved 1048576K
}
Event: 0.592 GC heap after
{Heap after GC invocations=1 (full 0):
 garbage-first heap   total 229376K, used 2496K [0x0000000721000000, 0x0000000800000000)
  region size 2048K, 1 young (2048K), 1 survivors (2048K)
 Metaspace       used 3780K, committed 3968K, reserved 1056768K
  class space    used 357K, committed 448K, reserved 1048576K
}
Event: 0.838 GC heap before
{Heap before GC invocations=1 (full 0):
 garbage-first heap   total 229376K, used 16832K [0x0000000721000000, 0x0000000800000000)
  region size 2048K, 8 young (16384K), 1 survivors (2048K)
 Metaspace       used 5869K, committed 6080K, reserved 1056768K
  class space    used 595K, committed 704K, reserved 1048576K
}
Event: 0.840 GC heap after
{Heap after GC invocations=2 (full 0):
 garbage-first heap   total 229376K, used 3436K [0x0000000721000000, 0x0000000800000000)
  region size 2048K, 1 young (2048K), 1 survivors (2048K)
 Metaspace       used 5869K, committed 6080K, reserved 1056768K
  class space    used 595K, committed 704K, reserved 1048576K
}
Event: 8.036 GC heap before
{Heap before GC invocations=2 (full 0):
 garbage-first heap   total 229376K, used 120172K [0x0000000721000000, 0x0000000800000000)
  region size 2048K, 58 young (118784K), 1 survivors (2048K)
 Metaspace       used 21282K, committed 21504K, reserved 1073152K
  class space    used 2829K, committed 2944K, reserved 1048576K
}
Event: 8.043 GC heap after
{Heap after GC invocations=3 (full 0):
 garbage-first heap   total 229376K, used 12957K [0x0000000721000000, 0x0000000800000000)
  region size 2048K, 5 young (10240K), 5 survivors (10240K)
 Metaspace       used 21282K, committed 21504K, reserved 1073152K
  class space    used 2829K, committed 2944K, reserved 1048576K
}
Event: 17.691 GC heap before
{Heap before GC invocations=4 (full 0):
 garbage-first heap   total 61440K, used 39581K [0x0000000721000000, 0x0000000800000000)
  region size 2048K, 18 young (36864K), 5 survivors (10240K)
 Metaspace       used 29328K, committed 29568K, reserved 1081344K
  class space    used 3860K, committed 3968K, reserved 1048576K
}
Event: 17.700 GC heap after
{Heap after GC invocations=5 (full 0):
 garbage-first heap   total 61440K, used 14997K [0x0000000721000000, 0x0000000800000000)
  region size 2048K, 2 young (4096K), 2 survivors (4096K)
 Metaspace       used 29328K, committed 29568K, reserved 1081344K
  class space    used 3860K, committed 3968K, reserved 1048576K
}
Event: 17.737 GC heap before
{Heap before GC invocations=5 (full 0):
 garbage-first heap   total 61440K, used 17045K [0x0000000721000000, 0x0000000800000000)
  region size 2048K, 3 young (6144K), 2 survivors (4096K)
 Metaspace       used 29574K, committed 29760K, reserved 1081344K
  class space    used 3897K, committed 3968K, reserved 1048576K
}
Event: 17.741 GC heap after
{Heap after GC invocations=6 (full 0):
 garbage-first heap   total 61440K, used 15607K [0x0000000721000000, 0x0000000800000000)
  region size 2048K, 1 young (2048K), 1 survivors (2048K)
 Metaspace       used 29574K, committed 29760K, reserved 1081344K
  class space    used 3897K, committed 3968K, reserved 1048576K
}
Event: 40.070 GC heap before
{Heap before GC invocations=6 (full 0):
 garbage-first heap   total 61440K, used 40183K [0x0000000721000000, 0x0000000800000000)
  region size 2048K, 14 young (28672K), 1 survivors (2048K)
 Metaspace       used 31962K, committed 32256K, reserved 1081344K
  class space    used 4237K, committed 4416K, reserved 1048576K
}
Event: 40.076 GC heap after
{Heap after GC invocations=7 (full 0):
 garbage-first heap   total 61440K, used 20427K [0x0000000721000000, 0x0000000800000000)
  region size 2048K, 2 young (4096K), 2 survivors (4096K)
 Metaspace       used 31962K, committed 32256K, reserved 1081344K
  class space    used 4237K, committed 4416K, reserved 1048576K
}

